<?xml version="1.0" encoding="UTF-8"?>
<!-- Generated by org.testng.reporters.JUnitXMLReporter -->
<testsuite hostname="DESKTOP-TDJ6NPK" ignored="0" name="Test" tests="3" failures="0" timestamp="2022-02-16T16:41:43 IST" time="269.056" errors="0">
  <testcase name="loginTest" time="59.835" classname="com.makemytrip.testscripts.Section_1_Test"/>
  <testcase name="flightSearchTest" time="51.917" classname="com.makemytrip.testscripts.Section_2_Test"/>
  <testcase name="flightBookTest" time="43.806" classname="com.makemytrip.testscripts.Section_3_Test"/>
</testsuite> <!-- Test -->
